Host/Plugin_01/build/outputs/logs/manifest-merger-debug-report.txt
-- Merging decision tree log ---
manifest
ADDED from Host/Plugin_01/AndroidManifest.xml:2:1-42:12
	package
		ADDED from Host/Plugin_01/AndroidManifest.xml:3:5-45
		INJECTED from Host/Plugin_01/AndroidManifest.xml
		INJECTED from Host/Plugin_01/AndroidManifest.xml
	android:versionName
		ADDED from Host/Plugin_01/AndroidManifest.xml:5:5-30
		INJECTED from Host/Plugin_01/AndroidManifest.xml
		INJECTED from Host/Plugin_01/AndroidManifest.xml
	android:versionCode
		ADDED from Host/Plugin_01/AndroidManifest.xml:4:5-28
		INJECTED from Host/Plugin_01/AndroidManifest.xml
		INJECTED from Host/Plugin_01/AndroidManifest.xml
	xmlns:android
		ADDED from Host/Plugin_01/AndroidManifest.xml:2:11-69
uses-sdk
ADDED from Host/Plugin_01/AndroidManifest.xml:7:5-9:41
	android:targetSdkVersion
		ADDED from Host/Plugin_01/AndroidManifest.xml:9:9-38
		INJECTED from Host/Plugin_01/AndroidManifest.xml
		INJECTED from Host/Plugin_01/AndroidManifest.xml
	android:minSdkVersion
		ADDED from Host/Plugin_01/AndroidManifest.xml:8:9-35
		INJECTED from Host/Plugin_01/AndroidManifest.xml
		INJECTED from Host/Plugin_01/AndroidManifest.xml
application
ADDED from Host/Plugin_01/AndroidManifest.xml:11:5-40:19
	android:label
		ADDED from Host/Plugin_01/AndroidManifest.xml:14:9-41
	android:allowBackup
		ADDED from Host/Plugin_01/AndroidManifest.xml:12:9-35
	android:icon
		ADDED from Host/Plugin_01/AndroidManifest.xml:13:9-45
	android:theme
		ADDED from Host/Plugin_01/AndroidManifest.xml:15:9-40
	android:name
		ADDED from Host/Plugin_01/AndroidManifest.xml:16:9-72
activity#com.example.dynamicactivityapk.MainActivity
ADDED from Host/Plugin_01/AndroidManifest.xml:18:9-27:20
	android:label
		ADDED from Host/Plugin_01/AndroidManifest.xml:20:13-45
	android:name
		ADDED from Host/Plugin_01/AndroidManifest.xml:19:13-41
intent-filter#android.intent.action.MAIN+android.intent.category.LAUNCHER
ADDED from Host/Plugin_01/AndroidManifest.xml:22:13-26:29
action#android.intent.action.MAIN
ADDED from Host/Plugin_01/AndroidManifest.xml:23:17-69
	android:name
		ADDED from Host/Plugin_01/AndroidManifest.xml:23:25-66
category#android.intent.category.LAUNCHER
ADDED from Host/Plugin_01/AndroidManifest.xml:25:17-77
	android:name
		ADDED from Host/Plugin_01/AndroidManifest.xml:25:27-74
activity#com.example.dynamicactivityapk.PluginActivity
ADDED from Host/Plugin_01/AndroidManifest.xml:30:9-38:20
	android:name
		ADDED from Host/Plugin_01/AndroidManifest.xml:30:19-79
intent-filter#android.intent.action.plugin_02+android.intent.category.DEFAULT
ADDED from Host/Plugin_01/AndroidManifest.xml:32:13-37:29
action#android.intent.action.plugin_02
ADDED from Host/Plugin_01/AndroidManifest.xml:33:17-74
	android:name
		ADDED from Host/Plugin_01/AndroidManifest.xml:33:25-71
category#android.intent.category.DEFAULT
ADDED from Host/Plugin_01/AndroidManifest.xml:35:17-76
	android:name
		ADDED from Host/Plugin_01/AndroidManifest.xml:35:27-73